<?xml version="1.0" encoding="UTF-8"?>
<testsuite xmlns:xsi="http://www.w3.org/2001/XMLSchema-instance" xsi:noNamespaceSchemaLocation="https://maven.apache.org/surefire/maven-surefire-plugin/xsd/surefire-test-report.xsd" version="3.0.1" name="ru.netology.repository.ProductRepositoryTest" time="0.01" tests="3" errors="0" skipped="0" failures="0">
  <properties>
[...]
</properties>
  <testcase name="addProduct_shouldAddNewProduct" classname="ru.netology.repository.ProductRepositoryTest" time="0.003"/>
  <testcase name="removeById_shouldRemoveProductById" classname="ru.netology.repository.ProductRepositoryTest" time="0.001"/>
  <testcase name="findAll_shouldReturnAllProducts" classname="ru.netology.repository.ProductRepositoryTest" time="0.001"/>
</testsuite>